Saving new input (at run 1): input #0 of size 4; reason = +count +cov +valid
Saved - fuzz-results/corpus/id_000000 random +count +cov +valid
Saving new input (at run 2): input #1 of size 4; reason = +count +cov +valid
Saved - fuzz-results/corpus/id_000001 src:000000,havoc:9 +count +cov +valid
Saving new input (at run 3): input #2 of size 4; reason = +count +cov +valid
Saved - fuzz-results/corpus/id_000002 src:000000,havoc:2 +count +cov +valid
Saving new input (at run 4): input #3 of size 4; reason = +count +cov +valid
Saved - fuzz-results/corpus/id_000003 src:000000,havoc:7 +count +cov +valid
Saving new input (at run 7): input #4 of size 4; reason = +count +cov +valid
Saved - fuzz-results/corpus/id_000004 src:000000,havoc:1 +count +cov +valid
Saving new input (at run 10): input #5 of size 4; reason = +count +cov +valid
Saved - fuzz-results/corpus/id_000005 src:000000,havoc:4 +count +cov +valid
Saving new input (at run 16): input #6 of size 4; reason = +count +cov +valid
Saved - fuzz-results/corpus/id_000006 src:000000,havoc:7 +count +cov +valid

# Cycle 1 completed.
Here is a list of favored inputs:
Input 0 is responsible for 13 branches
Input 1 is responsible for 1 branches
Input 2 is responsible for 4 branches
Input 3 is responsible for 1 branches
Input 4 is responsible for 1 branches
Input 5 is responsible for 1 branches
Input 6 is responsible for 1 branches
Total 22 branches covered




Saving new input (at run 3802): input #7 of size 4; reason = +count
Saved - fuzz-results/corpus/id_000007 src:000000,havoc:1 +count

# Cycle 2 completed.
Here is a list of favored inputs:
Input 0 is responsible for 13 branches
Input 1 is responsible for 1 branches
Input 2 is responsible for 4 branches
Input 3 is responsible for 1 branches
Input 4 is responsible for 1 branches
Input 5 is responsible for 1 branches
Input 6 is responsible for 1 branches
Total 22 branches covered





# Cycle 3 completed.
Here is a list of favored inputs:
Input 0 is responsible for 13 branches
Input 1 is responsible for 1 branches
Input 2 is responsible for 4 branches
Input 3 is responsible for 1 branches
Input 4 is responsible for 1 branches
Input 5 is responsible for 1 branches
Input 6 is responsible for 1 branches
Total 22 branches covered





# Cycle 4 completed.
Here is a list of favored inputs:
Input 0 is responsible for 13 branches
Input 1 is responsible for 1 branches
Input 2 is responsible for 4 branches
Input 3 is responsible for 1 branches
Input 4 is responsible for 1 branches
Input 5 is responsible for 1 branches
Input 6 is responsible for 1 branches
Total 22 branches covered





# Cycle 5 completed.
Here is a list of favored inputs:
Input 0 is responsible for 13 branches
Input 1 is responsible for 1 branches
Input 2 is responsible for 4 branches
Input 3 is responsible for 1 branches
Input 4 is responsible for 1 branches
Input 5 is responsible for 1 branches
Input 6 is responsible for 1 branches
Total 22 branches covered




